# JRE version: OpenJDK Runtime Environment (11.0.3+7) (build 11.0.3+7-Ubuntu-1ubuntu218.04.1)
# Java VM: OpenJDK 64-Bit Server VM (11.0.3+7-Ubuntu-1ubuntu218.04.1, mixed mode, sharing, tiered, compressed oops, g1 gc, linux-amd64)
Heap:
 garbage-first heap   total 599040K, used 1195K [0x00000000c3a00000, 0x0000000100000000)
  region size 1024K, 1 young (1024K), 1 survivors (1024K)
 Metaspace       used 528K, capacity 4531K, committed 4864K, reserved 1056768K
  class space    used 35K, capacity 401K, committed 512K, reserved 1048576K
GC Heap History (10 events):
Event: 2047.457 GC heap after
{Heap after GC invocations=6580 (full 0):
 garbage-first heap   total 338944K, used 1195K [0x00000000c3a00000, 0x0000000100000000)
  region size 1024K, 1 young (1024K), 1 survivors (1024K)
 Metaspace       used 528K, capacity 4531K, committed 4864K, reserved 1056768K
  class space    used 35K, capacity 401K, committed 512K, reserved 1048576K
}
Event: 2047.757 GC heap before
{Heap before GC invocations=6580 (full 0):
 garbage-first heap   total 338944K, used 202923K [0x00000000c3a00000, 0x0000000100000000)
  region size 1024K, 198 young (202752K), 1 survivors (1024K)
 Metaspace       used 528K, capacity 4531K, committed 4864K, reserved 1056768K
  class space    used 35K, capacity 401K, committed 512K, reserved 1048576K
}
Event: 2047.758 GC heap after
{Heap after GC invocations=6581 (full 0):
 garbage-first heap   total 338944K, used 1195K [0x00000000c3a00000, 0x0000000100000000)
  region size 1024K, 1 young (1024K), 1 survivors (1024K)
 Metaspace       used 528K, capacity 4531K, committed 4864K, reserved 1056768K
  class space    used 35K, capacity 401K, committed 512K, reserved 1048576K
}
Event: 2048.085 GC heap before
{Heap before GC invocations=6581 (full 0):
 garbage-first heap   total 338944K, used 202923K [0x00000000c3a00000, 0x0000000100000000)
  region size 1024K, 198 young (202752K), 1 survivors (1024K)
 Metaspace       used 528K, capacity 4531K, committed 4864K, reserved 1056768K
  class space    used 35K, capacity 401K, committed 512K, reserved 1048576K
}
Event: 2048.086 GC heap after
{Heap after GC invocations=6582 (full 0):
 garbage-first heap   total 338944K, used 1195K [0x00000000c3a00000, 0x0000000100000000)
  region size 1024K, 1 young (1024K), 1 survivors (1024K)
 Metaspace       used 528K, capacity 4531K, committed 4864K, reserved 1056768K
  class space    used 35K, capacity 401K, committed 512K, reserved 1048576K
}
Event: 2048.386 GC heap before
{Heap before GC invocations=6582 (full 0):
 garbage-first heap   total 338944K, used 202923K [0x00000000c3a00000, 0x0000000100000000)
  region size 1024K, 198 young (202752K), 1 survivors (1024K)
 Metaspace       used 528K, capacity 4531K, committed 4864K, reserved 1056768K
  class space    used 35K, capacity 401K, committed 512K, reserved 1048576K
}
Event: 2048.387 GC heap after
{Heap after GC invocations=6583 (full 0):
 garbage-first heap   total 338944K, used 1195K [0x00000000c3a00000, 0x0000000100000000)
  region size 1024K, 1 young (1024K), 1 survivors (1024K)
 Metaspace       used 528K, capacity 4531K, committed 4864K, reserved 1056768K
  class space    used 35K, capacity 401K, committed 512K, reserved 1048576K
}
Event: 2048.685 GC heap before
{Heap before GC invocations=6583 (full 0):
 garbage-first heap   total 338944K, used 202923K [0x00000000c3a00000, 0x0000000100000000)
  region size 1024K, 198 young (202752K), 1 survivors (1024K)
 Metaspace       used 528K, capacity 4531K, committed 4864K, reserved 1056768K
  class space    used 35K, capacity 401K, committed 512K, reserved 1048576K
}
Event: 2048.686 GC heap after
{Heap after GC invocations=6584 (full 0):
 garbage-first heap   total 338944K, used 1195K [0x00000000c3a00000, 0x0000000100000000)
  region size 1024K, 1 young (1024K), 1 survivors (1024K)
 Metaspace       used 528K, capacity 4531K, committed 4864K, reserved 1056768K
  class space    used 35K, capacity 401K, committed 512K, reserved 1048576K
}
Event: 2048.990 GC heap before
{Heap before GC invocations=6584 (full 0):
 garbage-first heap   total 338944K, used 202923K [0x00000000c3a00000, 0x0000000100000000)
  region size 1024K, 198 young (202752K), 1 survivors (1024K)
 Metaspace       used 528K, capacity 4531K, committed 4864K, reserved 1056768K
  class space    used 35K, capacity 401K, committed 512K, reserved 1048576K
}

